 No.  TimeTiltAng Theta(L) Theta(R)  Mean    Dev.  Height  Width   Area   Volume  Messages
  1  0.000    0.0   49.55   51.50   50.53   0.97   0.670   2.907    7.80    2.26    
  2  0.275    0.0   49.59   51.48   50.54   0.94   0.669   2.907    7.80    2.26    
  3  0.444    0.0   49.60   51.50   50.55   0.95   0.669   2.907    7.80    2.26    
  4  0.693    0.0   49.47   51.47   50.47   1.00   0.669   2.907    7.81    2.26    
  5  0.947    0.0   49.54   51.44   50.49   0.95   0.669   2.907    7.80    2.26    
  6  1.195    0.0   49.47   51.45   50.46   0.99   0.669   2.907    7.80    2.26    
  7  1.443    0.0   49.56   51.41   50.48   0.92   0.669   2.907    7.80    2.26    
  8  1.691    0.0   49.48   51.46   50.47   0.99   0.669   2.907    7.80    2.26    
  9  1.942    0.0   49.52   51.43   50.48   0.95   0.668   2.906    7.80    2.26    
 10  2.195    0.0   49.50   51.35   50.43   0.92   0.668   2.907    7.80    2.26    
 11  2.447    0.0   49.50   51.36   50.43   0.93   0.668   2.907    7.80    2.26    
 12  2.698    0.0   49.46   51.36   50.41   0.95   0.668   2.907    7.80    2.25    
 13  2.947    0.0   49.45   51.33   50.39   0.94   0.668   2.907    7.80    2.25    
 14  3.190    0.0   49.48   51.35   50.41   0.93   0.668   2.906    7.80    2.25    
 15  3.458    0.0   49.44   51.35   50.40   0.95   0.668   2.907    7.80    2.25    
 16  3.697    0.0   49.46   51.33   50.40   0.94   0.668   2.907    7.80    2.25    
 17  3.958    0.0   49.43   51.33   50.38   0.95   0.667   2.907    7.79    2.25    
 18  4.192    0.0   49.46   51.32   50.39   0.93   0.667   2.906    7.79    2.25    
 19  4.458    0.0   49.39   51.29   50.34   0.95   0.667   2.907    7.79    2.25    
 20  4.691    0.0   49.42   51.29   50.35   0.93   0.667   2.907    7.79    2.25    
 21  4.956    0.0   49.38   51.29   50.34   0.96   0.667   2.907    7.79    2.25    
 22  5.206    0.0   49.41   51.30   50.36   0.94   0.667   2.907    7.79    2.25    
 23  5.455    0.0   49.38   51.30   50.34   0.96   0.667   2.907    7.79    2.25    
 24  5.706    0.0   49.35   51.26   50.31   0.95   0.667   2.907    7.79    2.25    
 25  5.954    0.0   49.38   51.29   50.34   0.96   0.666   2.906    7.79    2.25    
 26  6.201    0.0   49.34   51.28   50.31   0.97   0.666   2.907    7.79    2.25    
 27  6.442    0.0   49.30   51.21   50.26   0.95   0.666   2.907    7.79    2.25    
 28  6.692    0.0   49.29   51.21   50.25   0.96   0.666   2.907    7.79    2.25    
 29  6.953    0.0   49.33   51.24   50.28   0.96   0.666   2.907    7.79    2.25    
 30  7.203    0.0   49.31   51.22   50.26   0.95   0.666   2.907    7.79    2.25    
 31  7.441    0.0   49.30   51.26   50.28   0.98   0.666   2.907    7.79    2.25    
 32  7.690    0.0   49.27   51.18   50.23   0.95   0.666   2.907    7.79    2.24    
 33  7.953    0.0   49.27   51.22   50.25   0.98   0.666   2.907    7.78    2.24    
 34  8.199    0.0   49.09   51.18   50.14   1.04   0.665   2.908    7.79    2.24    
 35  8.449    0.0   49.00   51.28   50.14   1.14   0.665   2.909    7.79    2.24    
 36  8.704    0.0   48.95   51.22   50.09   1.14   0.665   2.910    7.81    2.25    
 37  8.950    0.0   48.95   51.17   50.06   1.11   0.665   2.910    7.81    2.24    
 38  9.198    0.0   48.92   51.23   50.08   1.15   0.665   2.909    7.81    2.24    
 39  9.448    0.0   48.93   51.13   50.03   1.10   0.664   2.910    7.80    2.24    
 40  9.698    0.0   48.86   51.17   50.02   1.16   0.664   2.910    7.80    2.24    
 41  9.949    0.0   48.90   51.16   50.03   1.13   0.664   2.910    7.80    2.24    
 42  10.20    0.0   48.87   51.18   50.03   1.16   0.664   2.910    7.80    2.24    
 43  10.45    0.0   48.86   51.15   50.00   1.15   0.664   2.910    7.80    2.24    
 44  10.69    0.0   48.69   51.15   49.92   1.23   0.664   2.911    7.88    2.25    
 45  10.95    0.0   48.68   51.16   49.92   1.24   0.664   2.911    7.88    2.25    
 46  11.20    0.0   48.67   51.18   49.92   1.25   0.664   2.911    7.88    2.25    
 47  11.45    0.0   48.76   51.18   49.97   1.21   0.663   2.910    7.80    2.24    
 48  11.69    0.0   48.64   51.16   49.90   1.26   0.664   2.911    7.88    2.25    
 49  11.95    0.0   48.73   51.12   49.93   1.19   0.664   2.911    7.80    2.24    
 50  12.19    0.0   48.59   51.11   49.85   1.26   0.663   2.912    7.88    2.25    
 51  12.44    0.0   48.61   51.07   49.84   1.23   0.663   2.911    7.87    2.25    
 52  12.69    0.0   48.60   51.06   49.83   1.23   0.663   2.912    7.88    2.25    
 53  12.94    0.0   48.63   51.12   49.87   1.25   0.662   2.911    7.88    2.25    
 54  13.21    0.0   48.56   51.03   49.80   1.24   0.663   2.911    7.87    2.25    
 55  13.44    0.0   48.58   51.01   49.80   1.22   0.662   2.911    7.87    2.25    
 56  13.69    0.0   48.54   51.11   49.82   1.28   0.662   2.911    7.87    2.25    
 57  13.94    0.0   48.55   51.04   49.79   1.25   0.662   2.912    7.87    2.25    
 58  14.19    0.0   48.52   51.09   49.81   1.29   0.662   2.911    7.87    2.25    
 59  14.44    0.0   48.54   51.09   49.81   1.27   0.662   2.911    7.87    2.25    
 60  14.69    0.0   48.47   51.06   49.77   1.29   0.662   2.911    7.87    2.24    
