 No.  TimeTiltAng Theta(L) Theta(R)  Mean    Dev.  Height  Width   Area   Volume  Messages
  1  0.000    0.0   42.97   23.74   33.35   9.61   0.321   3.711   10.88    1.45    
  2  0.262    0.0   57.98   23.75   40.87  17.11   0.320   3.666   10.85    1.49    
  3  0.441    0.0   47.51   24.00   35.76  11.76   0.320   3.755   11.15    1.01    
  4  0.703    0.0   58.68   23.72   41.20  17.48   0.319   3.666   10.86    1.49    
  5  0.959    0.0   45.10   23.74   34.42  10.68   0.320   3.761   11.37    1.06    
  6  1.207    0.0  103.57   24.00   63.79  39.78   0.319   3.587   10.81    1.48    
  7  1.457    0.0   51.72   23.93   37.82  13.89   0.319   3.677   10.80    1.44    
  8  1.702    0.0   42.98   23.83   33.40   9.57   0.319   3.764   11.11    1.00    
  9  1.956    0.0   51.57   23.47   37.52  14.05   0.319   3.681   10.85    1.48    
 10  2.207    0.0   56.59   23.51   40.05  16.54   0.318   3.670   10.85    1.48    
 11  2.456    0.0   60.85   23.40   42.12  18.73   0.318   3.662   10.85    1.47    
 12  2.705    0.0   48.76   23.58   36.17  12.59   0.318   3.752   11.30    1.06    
 13  2.954    0.0   58.67   23.75   41.21  17.46   0.317   3.660   10.81    1.43    
 14  3.205    0.0   43.70   24.02   33.86   9.84   0.317   3.701   10.82    1.40    
 15  3.455    0.0  108.25   23.65   65.95  42.30   0.317   3.583   10.80    1.47    
 16  3.704    0.0   57.75   23.61   40.68  17.07   0.317   3.665   10.81    1.43    
 17  3.948    0.0   49.33   23.71   36.52  12.81   0.317   3.750   11.35    1.01    
 18  4.204    0.0   52.04   23.67   37.86  14.19   0.316   3.747   11.20    1.00    
 19  4.453    0.0  101.66   23.04   62.35  39.31   0.315   3.596   10.82    1.49    
 20  4.704    0.0   48.26   23.52   35.89  12.37   0.315   3.754   11.18    0.99    
 21  4.947    0.0   55.00   24.27   39.64  15.37   0.314   3.662   10.75    1.40    
 22  5.202    0.0  102.71   23.60   63.16  39.55   0.314   3.588   10.80    1.46    
 23  5.452    0.0   55.43   23.56   39.49  15.94   0.314   3.669   10.82    1.43    
 24  5.702    0.0   95.19   23.45   59.32  35.87   0.313   3.598   10.79    1.46    
 25  5.952    0.0   41.17   23.31   32.24   8.93   0.312   3.709   10.82    1.45    
 26  6.199    0.0   55.04   24.05   39.54  15.50   0.312   3.656   10.79    1.44    
 27  6.451    0.0   35.74   24.05   29.89   5.84   0.312   3.775   11.10    0.99    
 28  6.700    0.0   42.22   23.26   32.74   9.48   0.312   3.705   10.82    1.45    
 29  6.948    0.0   35.48   23.19   29.34   6.15   0.311   3.784   11.10    1.03    
 30  7.197    0.0   40.78   23.12   31.95   8.83   0.311   3.710   10.83    1.47    
 31  7.447    0.0   41.91   23.06   32.48   9.43   0.310   3.712   10.85    1.46    
 32  7.697    0.0   36.61   23.15   29.88   6.73   0.310   3.786   11.39    1.05    
 33  7.948    0.0   34.97   23.55   29.26   5.71   0.309   3.780   11.11    1.04    
 34  8.191    0.0   54.51   23.03   38.77  15.74   0.309   3.671   10.82    1.48    
 35  8.446    0.0   36.99   23.42   30.20   6.78   0.309   3.728   10.81    1.43    
 36  8.695    0.0   34.05   23.47   28.76   5.29   0.309   3.789   11.20    1.00    
 37  8.947    0.0   32.30   22.97   27.63   4.66   0.309   3.757   10.87    1.43    
 38  9.195    0.0   35.93   22.93   29.43   6.50   0.308   3.735   10.84    1.45    
 39  9.444    0.0   36.51   23.27   29.89   6.62   0.308   3.729   10.80    1.42    
 40  9.709    0.0   35.64   22.91   29.28   6.36   0.308   3.789   11.37    1.06    
 41  9.944    0.0   36.19   23.25   29.72   6.47   0.308   3.730   10.79    1.42    
 42  10.19    0.0   44.87   23.23   34.05  10.82   0.307   3.693   10.80    1.44    
 43  10.46    0.0   36.66   22.56   29.61   7.05   0.307   3.733   10.84    1.44    
 44  10.69    0.0   32.16   22.63   27.40   4.77   0.307   3.758   10.86    1.40    
 45  10.94    0.0   46.17   22.60   34.39  11.79   0.307   3.693   10.81    1.46    
 46  11.19    0.0   34.43   23.04   28.73   5.69   0.306   3.738   10.80    1.41    
 47  11.46    0.0   42.00   23.08   32.54   9.46   0.306   3.702   10.80    1.44    
 48  11.71    0.0   31.68   22.60   27.14   4.54   0.305   3.759   10.85    1.41    
 49  11.96    0.0   33.48   22.89   28.19   5.30   0.305   3.743   10.80    1.41    
 50  12.20    0.0   40.63   22.86   31.74   8.89   0.304   3.707   10.80    1.44    
 51  12.44    0.0   40.53   22.79   31.66   8.87   0.304   3.708   10.79    1.44    
 52  12.71    0.0   33.36   23.07   28.22   5.15   0.303   3.740   10.81    1.41    
 53  12.95    0.0   37.87   22.83   30.35   7.52   0.304   3.718   10.77    1.44    
 54  13.20    0.0   40.52   22.40   31.46   9.06   0.303   3.712   10.81    1.46    
 55  13.45    0.0   31.39   22.87   27.13   4.26   0.303   3.753   10.80    1.41    
 56  13.70    0.0   34.99   22.79   28.89   6.10   0.302   3.732   10.80    1.44    
 57  13.96    0.0   36.79   22.43   29.61   7.18   0.302   3.728   10.82    1.46    
 58  14.21    0.0   40.95   23.63   32.29   8.66   0.301   3.691   10.77    1.43    
 59  14.46    0.0   32.07   22.78   27.42   4.65   0.301   3.750   10.79    1.41    
 60  14.70    0.0   34.29   22.77   28.53   5.76   0.301   3.735   10.79    1.44    
