 No.  TimeTiltAng Theta(L) Theta(R)  Mean    Dev.  Height  Width   Area   Volume  Messages
  1  0.000    0.0   18.94   39.57   29.25  10.31   0.274   3.883   11.71    1.47    
  2  0.269    0.0   18.97   39.67   29.32  10.35   0.274   3.882   11.71    1.47    
  3  0.443    0.0   18.95   39.59   29.27  10.32   0.274   3.882   11.71    1.47    
  4  0.692    0.0   18.90   39.27   29.09  10.18   0.274   3.884   11.71    1.47    
  5  0.951    0.0   18.97   39.59   29.28  10.31   0.273   3.882   11.71    1.47    
  6  1.191    0.0   18.91   39.43   29.17  10.26   0.273   3.883   11.70    1.46    
  7  1.441    0.0   18.77   39.55   29.16  10.39   0.273   3.883   11.71    1.46    
  8  1.695    0.0   18.94   39.39   29.17  10.23   0.273   3.882   11.70    1.46    
  9  1.940    0.0   18.89   39.42   29.16  10.26   0.272   3.884   11.71    1.46    
 10  2.191    0.0   18.98   39.17   29.08  10.10   0.272   3.884   11.71    1.46    
 11  2.448    0.0   18.92   39.34   29.13  10.21   0.271   3.883   11.71    1.45    
 12  2.709    0.0   18.89   39.42   29.16  10.26   0.271   3.883   11.71    1.45    
 13  2.947    0.0   18.91   39.18   29.05  10.13   0.271   3.883   11.70    1.45    
 14  3.197    0.0   18.82   39.28   29.05  10.23   0.270   3.883   11.70    1.45    
 15  3.446    0.0   18.81   39.40   29.11  10.30   0.271   3.884   11.71    1.45    
 16  3.703    0.0   18.84   39.35   29.09  10.25   0.270   3.883   11.72    1.44    
 17  3.957    0.0   18.91   39.20   29.06  10.14   0.270   3.882   11.71    1.45    
 18  4.191    0.0   18.76   39.06   28.91  10.15   0.269   3.885   11.71    1.44    
 19  4.445    0.0   18.85   38.97   28.91  10.06   0.269   3.887   11.73    1.44    
 20  4.695    0.0   18.80   39.01   28.91  10.10   0.269   3.887   11.73    1.44    
 21  4.956    0.0   18.76   39.19   28.98  10.22   0.268   3.887   11.72    1.44    
 22  5.205    0.0   18.78   39.21   29.00  10.21   0.268   3.887   11.74    1.44    
 23  5.454    0.0   18.72   38.95   28.83  10.12   0.268   3.888   11.72    1.44    
 24  5.705    0.0   18.78   38.94   28.86  10.08   0.268   3.886   11.72    1.43    
 25  5.954    0.0   18.75   39.17   28.96  10.21   0.268   3.886   11.71    1.43    
 26  6.192    0.0   18.70   39.22   28.96  10.26   0.267   3.885   11.71    1.43    
 27  6.453    0.0   18.76   38.71   28.74   9.97   0.267   3.887   11.71    1.43    
 28  6.703    0.0   18.71   38.95   28.83  10.12   0.267   3.887   11.71    1.43    
 29  6.952    0.0   18.69   38.75   28.72  10.03   0.267   3.886   11.72    1.43    
 30  7.201    0.0   18.63   38.75   28.69  10.06   0.266   3.886   11.76    1.42    
 31  7.440    0.0   18.66   38.52   28.59   9.93   0.266   3.888   11.73    1.42    
 32  7.701    0.0   18.71   39.23   28.97  10.26   0.267   3.886   11.70    1.42    
 33  7.951    0.0   18.76   39.56   29.16  10.40   0.267   3.884   11.70    1.43    
 34  8.205    0.0   18.65   39.27   28.96  10.31   0.267   3.886   11.70    1.42    
 35  8.449    0.0   18.71   38.44   28.58   9.87   0.267   3.893   11.75    1.43    
 36  8.701    0.0   18.67   38.01   28.34   9.67   0.266   3.895   11.74    1.43    
 37  8.948    0.0   18.58   39.74   29.16  10.58   0.264   3.878   11.64    1.40    
 38  9.200    0.0   18.58   38.22   28.40   9.82   0.265   3.888   11.76    1.41    
 39  9.448    0.0   18.53   38.55   28.54  10.01   0.265   3.887   11.74    1.41    
 40  9.698    0.0   18.60   38.25   28.43   9.82   0.265   3.888   11.74    1.41    
 41  9.949    0.0   18.59   38.29   28.44   9.85   0.264   3.886   11.73    1.40    
 42  10.19    0.0   18.50   38.27   28.38   9.88   0.263   3.887   11.73    1.40    
 43  10.45    0.0   18.41   38.61   28.51  10.10   0.262   3.886   11.75    1.40    
 44  10.70    0.0   18.39   38.46   28.43  10.03   0.263   3.886   11.74    1.39    
 45  10.95    0.0   18.39   38.31   28.35   9.96   0.262   3.885   11.73    1.39    
 46  11.20    0.0   18.35   38.18   28.27   9.91   0.263   3.886   11.74    1.39    
 47  11.45    0.0   18.42   38.15   28.29   9.87   0.262   3.885   11.72    1.39    
 48  11.70    0.0   18.42   38.13   28.28   9.86   0.262   3.885   11.73    1.39    
 49  11.95    0.0   18.47   38.60   28.54  10.07   0.261   3.883   11.69    1.38    
 50  12.20    0.0   18.35   38.17   28.26   9.91   0.262   3.885   11.69    1.37    
 51  12.46    0.0   18.39   38.28   28.34   9.95   0.261   3.884   11.70    1.37    
 52  12.69    0.0   18.38   38.20   28.29   9.91   0.261   3.885   11.69    1.37    
 53  12.94    0.0   18.35   38.37   28.36  10.01   0.260   3.884   11.67    1.37    
 54  13.19    0.0   18.39   38.37   28.38   9.99   0.261   3.884   11.67    1.37    
 55  13.44    0.0   18.45   38.32   28.38   9.93   0.260   3.882   11.69    1.37    
 56  13.69    0.0   18.42   38.04   28.23   9.81   0.260   3.884   11.69    1.36    
 57  13.94    0.0   18.41   38.10   28.26   9.84   0.260   3.883   11.69    1.37    
 58  14.19    0.0   18.40   38.08   28.24   9.84   0.260   3.883   11.70    1.36    
 59  14.45    0.0   18.35   38.33   28.34   9.99   0.259   3.882   11.68    1.36    
 60  14.70    0.0   18.45   38.22   28.34   9.89   0.259   3.882   11.65    1.36    
