 No.  TimeTiltAng Theta(L) Theta(R)  Mean    Dev.  Height  Width   Area   Volume  Messages
  1  0.000    0.0   64.78   66.79   65.78   1.00   0.864   2.805    8.41    2.94    
  2  0.278    0.0   64.76   66.58   65.67   0.91   0.864   2.806    8.42    2.94    
  3  0.443    0.0   64.76   66.53   65.65   0.89   0.863   2.806    8.42    2.94    
  4  0.693    0.0   64.76   66.49   65.63   0.86   0.863   2.807    8.42    2.94    
  5  0.942    0.0   64.70   66.46   65.58   0.88   0.863   2.807    8.42    2.93    
  6  1.200    0.0   64.68   66.29   65.49   0.81   0.863   2.808    8.41    2.93    
  7  1.454    0.0   64.63   66.31   65.47   0.84   0.863   2.809    8.42    2.93    
  8  1.698    0.0   64.62   66.26   65.44   0.82   0.862   2.809    8.41    2.93    
  9  1.952    0.0   64.57   66.16   65.36   0.79   0.862   2.809    8.42    2.93    
 10  2.191    0.0   64.53   66.06   65.29   0.76   0.861   2.810    8.42    2.93    
 11  2.447    0.0   64.51   65.91   65.21   0.70   0.861   2.811    8.42    2.93    
 12  2.700    0.0   64.50   65.80   65.15   0.65   0.861   2.812    8.42    2.93    
 13  2.948    0.0   64.52   65.58   65.05   0.53   0.861   2.814    8.43    2.93    
 14  3.205    0.0   64.45   65.49   64.97   0.52   0.860   2.814    8.43    2.93    
 15  3.448    0.0   64.47   65.35   64.91   0.44   0.860   2.815    8.42    2.93    
 16  3.696    0.0   64.39   65.23   64.81   0.42   0.860   2.816    8.43    2.93    
 17  3.947    0.0   64.41   65.16   64.79   0.38   0.859   2.817    8.43    2.93    
 18  4.197    0.0   64.33   65.04   64.69   0.36   0.859   2.818    8.43    2.93    
 19  4.447    0.0   64.32   64.95   64.63   0.32   0.859   2.818    8.43    2.93    
 20  4.696    0.0   64.32   64.89   64.61   0.28   0.858   2.819    8.44    2.93    
 21  4.951    0.0   64.28   64.86   64.57   0.29   0.859   2.819    8.43    2.93    
 22  5.201    0.0   64.28   64.69   64.48   0.20   0.858   2.820    8.43    2.93    
 23  5.445    0.0   64.26   64.59   64.43   0.17   0.857   2.820    8.43    2.93    
 24  5.700    0.0   64.18   64.52   64.35   0.17   0.857   2.821    8.43    2.92    
 25  5.945    0.0   64.21   64.48   64.35   0.13   0.857   2.821    8.43    2.92    
 26  6.196    0.0   64.13   64.40   64.27   0.13   0.856   2.821    8.43    2.92    
 27  6.449    0.0   64.10   64.36   64.23   0.13   0.856   2.821    8.43    2.92    
 28  6.694    0.0   64.05   64.35   64.20   0.15   0.856   2.822    8.43    2.92    
 29  6.955    0.0   64.02   64.26   64.14   0.12   0.855   2.822    8.42    2.92    
 30  7.205    0.0   63.96   64.28   64.12   0.16   0.854   2.822    8.42    2.92    
 31  7.444    0.0   63.98   64.21   64.09   0.11   0.854   2.822    8.42    2.91    
 32  7.706    0.0   63.94   64.14   64.04   0.10   0.854   2.823    8.42    2.91    
 33  7.942    0.0   63.91   64.17   64.04   0.13   0.854   2.823    8.42    2.91    
 34  8.204    0.0   63.88   64.12   64.00   0.12   0.853   2.823    8.42    2.91    
 35  8.442    0.0   63.88   64.04   63.96   0.08   0.853   2.823    8.42    2.91    
 36  8.702    0.0   63.86   64.01   63.93   0.08   0.852   2.823    8.42    2.91    
 37  8.954    0.0   63.81   64.00   63.90   0.10   0.852   2.823    8.41    2.91    
 38  9.192    0.0   63.79   63.93   63.86   0.07   0.851   2.824    8.41    2.91    
 39  9.451    0.0   63.72   63.94   63.83   0.11   0.852   2.824    8.41    2.90    
 40  9.700    0.0   63.73   63.21   63.47   0.26   0.851   2.831    8.42    2.91    
 41  9.950    0.0   63.69   62.99   63.34   0.35   0.851   2.832    8.43    2.91    
 42  10.20    0.0   63.71   62.86   63.28   0.43   0.851   2.833    8.43    2.91    
 43  10.45    0.0   63.65   62.76   63.20   0.44   0.850   2.834    8.43    2.91    
 44  10.70    0.0   63.63   62.65   63.14   0.49   0.850   2.834    8.43    2.91    
 45  10.95    0.0   63.61   62.58   63.10   0.52   0.850   2.835    8.43    2.91    
 46  11.20    0.0   63.61   62.58   63.09   0.52   0.850   2.835    8.43    2.90    
 47  11.45    0.0   63.59   62.39   62.99   0.60   0.849   2.835    8.43    2.90    
 48  11.70    0.0   63.57   62.39   62.98   0.59   0.849   2.836    8.43    2.90    
 49  11.95    0.0   63.55   62.36   62.96   0.60   0.848   2.836    8.43    2.90    
 50  12.20    0.0   63.49   62.31   62.90   0.59   0.849   2.836    8.42    2.90    
 51  12.45    0.0   63.44   62.28   62.86   0.58   0.848   2.836    8.42    2.90    
 52  12.70    0.0   63.49   62.19   62.84   0.65   0.848   2.836    8.42    2.90    
 53  12.94    0.0   63.46   62.20   62.83   0.63   0.847   2.836    8.42    2.90    
 54  13.20    0.0   63.43   62.16   62.80   0.63   0.847   2.837    8.42    2.89    
 55  13.44    0.0   63.40   62.13   62.76   0.63   0.847   2.837    8.42    2.89    
 56  13.70    0.0   63.36   62.12   62.74   0.62   0.847   2.837    8.42    2.89    
 57  13.94    0.0   63.38   62.08   62.73   0.65   0.847   2.837    8.41    2.89    
 58  14.19    0.0   63.36   62.05   62.71   0.66   0.846   2.837    8.41    2.89    
 59  14.44    0.0   63.38   62.06   62.72   0.66   0.846   2.837    8.41    2.89    
 60  14.69    0.0   63.31   61.99   62.65   0.66   0.846   2.837    8.41    2.89    
