 No.  TimeTiltAng Theta(L) Theta(R)  Mean    Dev.  Height  Width   Area   Volume  Messages
  1  0.000    0.0   39.85   40.56   40.21   0.36   0.636   3.449   10.30    2.92    
  2  0.197    0.0   39.85   40.59   40.22   0.37   0.636   3.449   10.29    2.92    
  3  0.457    0.0   39.85   40.62   40.24   0.38   0.636   3.449   10.30    2.92    
  4  0.691    0.0   39.84   40.51   40.17   0.33   0.636   3.450   10.29    2.92    
  5  0.957    0.0   39.90   40.49   40.19   0.30   0.636   3.449   10.30    2.92    
  6  1.206    0.0   39.85   40.54   40.19   0.34   0.636   3.449   10.29    2.92    
  7  1.444    0.0   39.78   40.58   40.18   0.40   0.635   3.450   10.30    2.92    
  8  1.705    0.0   39.86   40.56   40.21   0.35   0.636   3.449   10.29    2.92    
  9  1.944    0.0   39.82   40.48   40.15   0.33   0.635   3.449   10.30    2.92    
 10  2.191    0.0   39.82   40.49   40.15   0.33   0.635   3.449   10.29    2.92    
 11  2.455    0.0   39.85   40.45   40.15   0.30   0.635   3.449   10.29    2.92    
 12  2.692    0.0   39.80   40.54   40.17   0.37   0.635   3.449   10.29    2.92    
 13  2.942    0.0   39.79   40.52   40.16   0.36   0.635   3.450   10.29    2.91    
 14  3.205    0.0   39.85   40.55   40.20   0.35   0.635   3.449   10.29    2.92    
 15  3.442    0.0   39.81   40.51   40.16   0.35   0.635   3.449   10.29    2.91    
 16  3.692    0.0   39.83   40.49   40.16   0.33   0.635   3.449   10.29    2.91    
 17  3.941    0.0   39.76   40.55   40.16   0.40   0.635   3.449   10.29    2.91    
 18  4.203    0.0   39.80   40.44   40.12   0.32   0.634   3.449   10.29    2.91    
 19  4.440    0.0   39.79   40.43   40.11   0.32   0.634   3.449   10.29    2.91    
 20  4.706    0.0   39.72   40.45   40.09   0.36   0.634   3.449   10.29    2.91    
 21  4.940    0.0   39.73   40.40   40.06   0.33   0.634   3.450   10.29    2.91    
 22  5.199    0.0   39.77   40.43   40.10   0.33   0.634   3.449   10.29    2.91    
 23  5.454    0.0   39.77   40.41   40.09   0.32   0.634   3.449   10.29    2.91    
 24  5.700    0.0   39.79   40.42   40.11   0.32   0.634   3.449   10.29    2.91    
 25  5.948    0.0   39.76   40.35   40.06   0.30   0.634   3.450   10.29    2.91    
 26  6.194    0.0   39.72   40.45   40.08   0.36   0.634   3.449   10.29    2.91    
 27  6.448    0.0   39.73   40.46   40.10   0.36   0.634   3.449   10.29    2.91    
 28  6.694    0.0   39.70   40.46   40.08   0.38   0.634   3.449   10.29    2.91    
 29  6.946    0.0   39.69   40.49   40.09   0.40   0.634   3.449   10.29    2.91    
 30  7.197    0.0   39.73   40.43   40.08   0.35   0.634   3.449   10.29    2.91    
 31  7.445    0.0   39.75   40.46   40.10   0.35   0.633   3.449   10.29    2.91    
 32  7.697    0.0   39.74   40.56   40.15   0.41   0.633   3.448   10.24    2.89    
 33  7.947    0.0   39.74   40.44   40.09   0.35   0.633   3.449   10.29    2.91    
 34  8.191    0.0   39.69   40.40   40.05   0.36   0.634   3.449   10.29    2.91    
 35  8.445    0.0   39.68   40.39   40.04   0.36   0.633   3.449   10.29    2.91    
 36  8.690    0.0   39.66   40.42   40.04   0.38   0.633   3.449   10.29    2.91    
 37  8.945    0.0   39.77   40.55   40.16   0.39   0.633   3.448   10.24    2.89    
 38  9.193    0.0   39.63   40.47   40.05   0.42   0.633   3.448   10.24    2.89    
 39  9.443    0.0   39.67   40.41   40.04   0.37   0.632   3.449   10.28    2.90    
 40  9.693    0.0   39.66   40.48   40.07   0.41   0.632   3.448   10.24    2.89    
 41  9.942    0.0   39.65   40.32   39.98   0.34   0.632   3.449   10.28    2.90    
 42  10.19    0.0   39.62   40.41   40.01   0.40   0.633   3.449   10.28    2.90    
 43  10.44    0.0   39.70   40.38   40.04   0.34   0.632   3.449   10.28    2.90    
 44  10.69    0.0   39.64   40.53   40.09   0.44   0.632   3.448   10.24    2.88    
 45  10.94    0.0   39.64   40.39   40.02   0.38   0.632   3.449   10.28    2.90    
 46  11.20    0.0   39.67   40.38   40.03   0.35   0.632   3.449   10.28    2.90    
 47  11.44    0.0   39.59   40.37   39.98   0.39   0.632   3.450   10.28    2.90    
 48  11.70    0.0   39.61   40.37   39.99   0.38   0.632   3.449   10.28    2.90    
 49  11.94    0.0   39.63   40.31   39.97   0.34   0.632   3.449   10.28    2.90    
 50  12.19    0.0   39.67   40.45   40.06   0.39   0.632   3.448   10.24    2.88    
 51  12.45    0.0   39.68   40.34   40.01   0.33   0.632   3.449   10.28    2.90    
 52  12.70    0.0   39.57   40.40   39.99   0.41   0.631   3.448   10.24    2.88    
 53  12.95    0.0   39.58   40.41   40.00   0.41   0.632   3.449   10.24    2.88    
 54  13.20    0.0   39.62   40.30   39.96   0.34   0.632   3.449   10.28    2.90    
 55  13.45    0.0   39.61   40.31   39.96   0.35   0.631   3.449   10.28    2.90    
 56  13.70    0.0   39.56   40.28   39.92   0.36   0.631   3.449   10.28    2.90    
 57  13.95    0.0   39.59   40.30   39.94   0.36   0.630   3.448   10.28    2.90    
 58  14.20    0.0   39.62   40.36   39.99   0.37   0.631   3.448   10.23    2.88    
 59  14.44    0.0   39.52   40.16   39.84   0.32   0.631   3.449   10.28    2.89    
 60  14.70    0.0   39.58   40.34   39.96   0.38   0.630   3.448   10.23    2.88    
